The HCMV genome (NC_006273.2) has 169 CDS.
------------------------------
sample  condition  min_tpm  med_tpm  mean_tpm  max_tpm
donor1-2dpi  2dpi  0.0  1873.57  5917.159002366864  76823.1
donor1-6dpi  6dpi  0.0  1976.09  5917.1613994082845  177444.0
donor3-2dpi  2dpi  0.0  1904.75  5917.162656804734  222836.0
donor3-6dpi  6dpi  0.0  1087.04  5917.159471597633  401009.0
------------------------------
target_id  test_stat  pval  qval
YP_081530.1  15.1752408286053  9.79797260360751e-05  0.00843730762727848
YP_081547.1  15.0244076074701  0.000106129655689037  0.00843730762727848
YP_081552.1  14.0541168546369  0.000177624572072155  0.00941410231982419
YP_081551.1  12.4635516350029  0.000414970161156292  0.0164950639059626
YP_081577.1  11.8643164579106  0.000572197678795649  0.0176780726799117
YP_081489.1  11.5787517077887  0.000667097082260817  0.0176780726799117
YP_081574.1  11.0339165603048  0.000894599441836986  0.0187460347338309
YP_081521.1  10.8639382043463  0.000980549539437685  0.0187460347338309
YP_081576.1  10.7178022840313  0.00106109630568854  0.0187460347338309
YP_081490.1  10.1906104969744  0.00141157573658324  0.0224440542116736
YP_081522.1  9.38737880419871  0.00218484366785939  0.0315809221081493
YP_081561.1  8.95327307663974  0.00276972887993189  0.0366989076590976
YP_081613.1  8.63952459899411  0.00328947256354801  0.0402327798157026
YP_081600.1  8.39498870075197  0.00376256850759047  0.0427320280504918
YP_081520.1  8.25330978060653  0.0040677764889119  0.0431184307824662
YP_081533.1  8.03352840629799  0.00459193014118663  0.0456323057780422
YP_081601.1  7.86881766295848  0.00502945277192959  0.0470401759256944
YP_081595.1  7.68016602442774  0.00558310312920854  0.0493174109746755
------------------------------
sacc  pident  length  qstart  qend  sstart  send  bitscore  evalue  stitle
NC_006273.2  100.000  506  31  536  120377  118860  960  0.0  NC_006273.2 Human herpesvirus 5 strain Merlin, complete genome
NC_006273.2  26.480  321  54  365  122224  121289  80.1  3.47e-16  NC_006273.2 Human herpesvirus 5 strain Merlin, complete genome
NC_003521.1  66.798  509  31  536  120369  118858  618  0.0  NC_003521.1 Panine herpesvirus 2 strain Heberling, complete genome
NC_003521.1  25.979  281  98  372  122085  121267  75.1  1.15e-14  NC_003521.1 Panine herpesvirus 2 strain Heberling, complete genome
NC_012783.2  42.197  519  31  536  108362  106854  370  7.57e-114  NC_012783.2 Cercopithecine herpesvirus 5 strain 2715, complete genome
NC_012783.2  26.957  345  38  375  111825  110857  92.0  5.97e-20  NC_012783.2 Cercopithecine herpesvirus 5 strain 2715, complete genome
NC_012783.2  24.638  276  98  367  110016  109222  67.4  2.62e-12  NC_012783.2 Cercopithecine herpesvirus 5 strain 2715, complete genome
NC_006150.1  41.538  520  31  536  109344  107833  364  1.10e-111  NC_006150.1 Macacine herpesvirus 3, complete genome
NC_006150.1  26.648  349  35  375  112808  111804  95.5  5.15e-21  NC_006150.1 Macacine herpesvirus 3, complete genome
NC_006150.1  23.739  337  62  391  111030  110050  73.2  5.54e-14  NC_006150.1 Macacine herpesvirus 3, complete genome
